<?xml version="1.0" encoding="UTF-8"?>
<!-- Generated by org.testng.reporters.JUnitXMLReporter -->
<testsuite ignored="0" hostname="DESKTOP-6JOMMLI" failures="0" tests="4" name="Test" time="7.527" errors="0" timestamp="2025-07-27T18:26:21 IST">
  <testcase classname="api.test.userTest2" name="testPostUser" time="3.166"/>
  <testcase classname="api.test.userTest2" name="getUser" time="1.124"/>
  <testcase classname="api.test.userTest2" name="updatedUser" time="1.102"/>
  <testcase classname="api.test.userTest2" name="deleteUser" time="1.071"/>
</testsuite> <!-- Test -->
