<?xml version="1.0" encoding="UTF-8"?>
<testng-results ignored="0" total="4" passed="4" failed="0" skipped="0">
  <reporter-output>
  </reporter-output>
  <suite started-at="2025-07-27T18:26:13 IST" name="Suite" finished-at="2025-07-27T18:26:21 IST" duration-ms="7527">
    <groups>
    </groups>
    <test started-at="2025-07-27T18:26:13 IST" name="Test" finished-at="2025-07-27T18:26:21 IST" duration-ms="7527">
      <class name="api.test.userTest2">
        <test-method is-config="true" signature="setupData()[pri:0, instance:api.test.userTest2@7e057f43]" started-at="2025-07-27T18:26:14 IST" name="setupData" finished-at="2025-07-27T18:26:14 IST" duration-ms="718" status="PASS">
          <reporter-output>
          </reporter-output>
        </test-method> <!-- setupData -->
        <test-method signature="testPostUser()[pri:1, instance:api.test.userTest2@7e057f43]" started-at="2025-07-27T18:26:14 IST" name="testPostUser" finished-at="2025-07-27T18:26:18 IST" duration-ms="3166" status="PASS">
          <reporter-output>
          </reporter-output>
        </test-method> <!-- testPostUser -->
        <test-method signature="getUser()[pri:2, instance:api.test.userTest2@7e057f43]" started-at="2025-07-27T18:26:18 IST" name="getUser" finished-at="2025-07-27T18:26:19 IST" duration-ms="1124" status="PASS">
          <reporter-output>
          </reporter-output>
        </test-method> <!-- getUser -->
        <test-method signature="updatedUser()[pri:3, instance:api.test.userTest2@7e057f43]" started-at="2025-07-27T18:26:19 IST" name="updatedUser" finished-at="2025-07-27T18:26:20 IST" duration-ms="1102" status="PASS">
          <reporter-output>
          </reporter-output>
        </test-method> <!-- updatedUser -->
        <test-method signature="deleteUser()[pri:4, instance:api.test.userTest2@7e057f43]" started-at="2025-07-27T18:26:20 IST" name="deleteUser" finished-at="2025-07-27T18:26:21 IST" duration-ms="1071" status="PASS">
          <reporter-output>
          </reporter-output>
        </test-method> <!-- deleteUser -->
      </class> <!-- api.test.userTest2 -->
    </test> <!-- Test -->
  </suite> <!-- Suite -->
</testng-results>
